Profissional   |     Data                     |     Prioridade     |     Tabela                                            |     Controller                                        |     IP                                                 |     Host                                               |     Mensagem  
2010-08-17 11:32:46      |     9              |     tb_unid_organiz                                   |     unidade-organizacional                            |     ::1                                                |     df10197-42-125                                     |     alterar: q = 1
2010-08-17 11:40:54      |     9              |     tb_unid_organiz                                   |     unidade-organizacional                            |     ::1                                                |     df10197-42-125                                     |     alterar: q = 1
2010-08-17 12:31:52      |     10             |     tb_unid_organiz                                   |     unidade-organizacional                            |     ::1                                                |     df10197-42-125                                     |     excluir: q = 1
2010-08-17 12:32:00      |     9              |     tb_unid_organiz                                   |     unidade-organizacional                            |     ::1                                                |     df10197-42-125                                     |     alterar: q = 1
2010-08-17 15:24:44      |     9              |     tb_unid_organiz                                   |     unidade-organizacional                            |     ::1                                                |     df10197-42-125                                     |     alterar: q = 1
2010-08-17 15:25:07      |     9              |     tb_unid_organiz                                   |     unidade-organizacional                            |     ::1                                                |     df10197-42-125                                     |     alterar: q = 1
2010-08-17 15:25:43      |     10             |     tb_unid_organiz                                   |     unidade-organizacional                            |     ::1                                                |     df10197-42-125                                     |     excluir: q = 1
2010-08-17 15:25:53      |     9              |     tb_unid_organiz                                   |     unidade-organizacional                            |     ::1                                                |     df10197-42-125                                     |     alterar: q = 1
2010-08-17 15:58:19      |     11             |     tb_unid_organiz                                   |     unidade-organizacional                            |     ::1                                                |     df10197-42-125                                     |     q = 1     
2010-08-17 15:58:43      |     9              |     tb_unid_organiz                                   |     unidade-organizacional                            |     ::1                                                |     df10197-42-125                                     |     alterar: q = 1
2010-08-17 15:59:37      |     9              |     tb_unid_organiz                                   |     unidade-organizacional                            |     ::1                                                |     df10197-42-125                                     |     alterar: q = 1
2010-08-17 15:59:52      |     9              |     tb_unid_organiz                                   |     unidade-organizacional                            |     ::1                                                |     df10197-42-125                                     |     alterar: q = 1
2010-08-17 16:00:14      |     9              |     tb_unid_organiz                                   |     unidade-organizacional                            |     ::1                                                |     df10197-42-125                                     |     alterar: q = 1
2010-08-17 16:00:31      |     9              |     tb_unid_organiz                                   |     unidade-organizacional                            |     ::1                                                |     df10197-42-125                                     |     alterar: q = 1
2010-08-17 16:00:57      |     0              |     tb_unid_organiz                                   |     unidade-organizacional                            |     ::1                                                |     df10197-42-125                                     |     q = 1     
2010-08-17 16:01:09      |     0              |     tb_unid_organiz                                   |     unidade-organizacional                            |     ::1                                                |     df10197-42-125                                     |     q = 1     
2010-08-17 16:01:38      |     11             |     tb_unid_organiz                                   |     unidade-organizacional                            |     ::1                                                |     df10197-42-125                                     |     backup: q = 1
2010-08-17 16:02:25      |     11             |     tb_unid_organiz                                   |     unidade-organizacional                            |     ::1                                                |     df10197-42-125                                     |     backup: q = 1
2010-08-17 16:03:36      |     11             |     tb_unid_organiz                                   |     unidade-organizacional                            |     ::1                                                |     df10197-42-125                                     |     backup: q = 1
2010-08-17 16:05:00      |     9              |     tb_unid_organiz                                   |     unidade-organizacional                            |     ::1                                                |     df10197-42-125                                     |     alterar: q = 1
2010-08-17 16:05:15      |     9              |     tb_unid_organiz                                   |     unidade-organizacional                            |     ::1                                                |     df10197-42-125                                     |     alterar: q = 1
2010-08-17 16:05:58      |     11             |     tb_unid_organiz                                   |     unidade-organizacional                            |     ::1                                                |     df10197-42-125                                     |     backup: q = 1
2010-08-17 16:05:58      |     9              |     tb_unid_organiz                                   |     unidade-organizacional                            |     ::1                                                |     df10197-42-125                                     |     alterar: q = 1
2010-08-17 16:06:15      |     11             |     tb_unid_organiz                                   |     unidade-organizacional                            |     ::1                                                |     df10197-42-125                                     |     backup: q = 1
2010-08-17 16:06:15      |     9              |     tb_unid_organiz                                   |     unidade-organizacional                            |     ::1                                                |     df10197-42-125                                     |     alterar: q = 1
2010-08-17 16:09:23      |     11             |     tb_unid_organiz                                   |     unidade-organizacional                            |     ::1                                                |     df10197-42-125                                     |     backup: q = 1
2010-08-17 16:09:23      |     9              |     tb_unid_organiz                                   |     unidade-organizacional                            |     ::1                                                |     df10197-42-125                                     |     alterar: q = 1
2010-08-17 16:23:21      |     11             |     tb_unid_organiz                                   |     unidade-organizacional                            |     ::1                                                |     df10197-42-125                                     |     backup: q = 1
2010-08-17 16:23:21      |     9              |     tb_unid_organiz                                   |     unidade-organizacional                            |     ::1                                                |     df10197-42-125                                     |     alterar: q = 1
2010-08-17 16:23:44      |     11             |     tb_unid_organiz                                   |     unidade-organizacional                            |     ::1                                                |     df10197-42-125                                     |     backup: q = 1
2010-08-17 16:23:44      |     9              |     tb_unid_organiz                                   |     unidade-organizacional                            |     ::1                                                |     df10197-42-125                                     |     alterar: q = 1
2010-08-17 16:24:54      |     11             |     tb_unid_organiz                                   |     unidade-organizacional                            |     ::1                                                |     df10197-42-125                                     |     backup: q = 1
2010-08-17 16:24:54      |     9              |     tb_unid_organiz                                   |     unidade-organizacional                            |     ::1                                                |     df10197-42-125                                     |     alterar: q = 1
2010-08-17 16:26:02      |     11             |     tb_unid_organiz                                   |     unidade-organizacional                            |     ::1                                                |     df10197-42-125                                     |     backup: q = 1
2010-08-17 16:26:02      |     9              |     tb_unid_organiz                                   |     unidade-organizacional                            |     ::1                                                |     df10197-42-125                                     |     alterar: q = 1
2010-08-17 16:29:03      |     11             |     tb_unid_organiz                                   |     unidade-organizacional                            |     ::1                                                |     df10197-42-125                                     |     backup: q = 1
2010-08-17 16:29:03      |     9              |     tb_unid_organiz                                   |     unidade-organizacional                            |     ::1                                                |     df10197-42-125                                     |     alterar: q = 1
2010-08-17 16:32:49      |     11             |     tb_unid_organiz                                   |     unidade-organizacional                            |     ::1                                                |     df10197-42-125                                     |     backup: q = 1
2010-08-17 16:32:49      |     9              |     tb_unid_organiz                                   |     unidade-organizacional                            |     ::1                                                |     df10197-42-125                                     |     alterar: q = 1
2010-08-17 16:42:43      |     9              |     tb_unid_organiz                                   |     unidade-organizacional                            |     ::1                                                |     df10197-42-125                                     |     alterar: q = 1
2010-08-17 16:44:09      |     11             |     tb_unid_organiz                                   |     unidade-organizacional                            |     ::1                                                |     df10197-42-125                                     |     backup: q = 1
2010-08-17 16:44:09      |     9              |     tb_unid_organiz                                   |     unidade-organizacional                            |     ::1                                                |     df10197-42-125                                     |     alterar: q = 1
2010-08-17 16:44:14      |     11             |     tb_unid_organiz                                   |     unidade-organizacional                            |     ::1                                                |     df10197-42-125                                     |     backup: q = 1
2010-08-17 16:44:14      |     9              |     tb_unid_organiz                                   |     unidade-organizacional                            |     ::1                                                |     df10197-42-125                                     |     alterar: q = 1
2010-08-17 16:47:00      |     11             |     tb_unid_organiz                                   |     unidade-organizacional                            |     ::1                                                |     df10197-42-125                                     |     backup: q = 1
2010-08-17 16:47:00      |     9              |     tb_unid_organiz                                   |     unidade-organizacional                            |     ::1                                                |     df10197-42-125                                     |     alterar: q = 1
2010-08-17 17:55:58      |     11             |     tb_unid_organiz                                   |     unidade-organizacional                            |     ::1                                                |     df10197-42-125                                     |     backup: q = 1
2010-08-17 17:55:58      |     9              |     tb_unid_organiz                                   |     unidade-organizacional                            |     ::1                                                |     df10197-42-125                                     |     alterar: q = 1
2010-08-17 17:56:09      |     11             |     tb_unid_organiz                                   |     unidade-organizacional                            |     ::1                                                |     df10197-42-125                                     |     backup: q = 1
2010-08-17 17:56:09      |     9              |     tb_unid_organiz                                   |     unidade-organizacional                            |     ::1                                                |     df10197-42-125                                     |     alterar: q = 1
2010-08-17 17:56:55      |     11             |     tb_unid_organiz                                   |     unidade-organizacional                            |     ::1                                                |     df10197-42-125                                     |     backup: q = 1
2010-08-17 17:56:55      |     9              |     tb_unid_organiz                                   |     unidade-organizacional                            |     ::1                                                |     df10197-42-125                                     |     alterar: q = 1
2010-08-18 10:05:56      |     11             |     tb_unid_organiz                                   |     unidade-organizacional                            |     ::1                                                |     df10197-42-125                                     |     backup: error = SQLSTATE[42601]: Syntax error: 7 ERROR:  syntax error at or near "="
LINE 1: ..."ds_nom_unid_organiz" = $7, "st_ativo" = $8 WHERE (Array = )
                                                                    ^ 
2010-08-18 10:05:56      |     9              |     tb_unid_organiz                                   |     unidade-organizacional                            |     ::1                                                |     df10197-42-125                                     |     alterar: error = SQLSTATE[42601]: Syntax error: 7 ERROR:  syntax error at or near "="
LINE 1: ..."ds_nom_unid_organiz" = $7, "st_ativo" = $8 WHERE (Array = )
                                                                    ^ 
2010-08-18 10:08:55      |     11             |     tb_unid_organiz                                   |     unidade-organizacional                            |     ::1                                                |     df10197-42-125                                     |     backup: error = SQLSTATE[42601]: Syntax error: 7 ERROR:  syntax error at or near "="
LINE 1: ..."ds_nom_unid_organiz" = $7, "st_ativo" = $8 WHERE (Array = )
                                                                    ^ 
2010-08-18 10:08:55      |     9              |     tb_unid_organiz                                   |     unidade-organizacional                            |     ::1                                                |     df10197-42-125                                     |     alterar: error = SQLSTATE[42601]: Syntax error: 7 ERROR:  syntax error at or near "="
LINE 1: ..."ds_nom_unid_organiz" = $7, "st_ativo" = $8 WHERE (Array = )
                                                                    ^ 
2010-08-18 10:09:42      |     11             |     tb_unid_organiz                                   |     unidade-organizacional                            |     ::1                                                |     df10197-42-125                                     |     backup: error = SQLSTATE[42601]: Syntax error: 7 ERROR:  syntax error at or near "="
LINE 1: ..."ds_nom_unid_organiz" = $7, "st_ativo" = $8 WHERE (Array = )
                                                                    ^ 
2010-08-18 10:09:42      |     9              |     tb_unid_organiz                                   |     unidade-organizacional                            |     ::1                                                |     df10197-42-125                                     |     alterar: error = SQLSTATE[42601]: Syntax error: 7 ERROR:  syntax error at or near "="
LINE 1: ..."ds_nom_unid_organiz" = $7, "st_ativo" = $8 WHERE (Array = )
                                                                    ^ 
2010-08-18 10:12:49      |     11             |     tb_unid_organiz                                   |     unidade-organizacional                            |     ::1                                                |     df10197-42-125                                     |     backup: error = SQLSTATE[42601]: Syntax error: 7 ERROR:  syntax error at or near "="
LINE 1: ..."ds_nom_unid_organiz" = $7, "st_ativo" = $8 WHERE (Array = )
                                                                    ^ 
2010-08-18 10:12:49      |     9              |     tb_unid_organiz                                   |     unidade-organizacional                            |     ::1                                                |     df10197-42-125                                     |     alterar: error = SQLSTATE[42601]: Syntax error: 7 ERROR:  syntax error at or near "="
LINE 1: ..."ds_nom_unid_organiz" = $7, "st_ativo" = $8 WHERE (Array = )
                                                                    ^ 
2010-08-18 10:14:11      |     11             |     tb_unid_organiz                                   |     unidade-organizacional                            |     ::1                                                |     df10197-42-125                                     |     backup: error = SQLSTATE[23505]: Unique violation: 7 ERROR:  duplicate key value violates unique constraint "pk_tb_unid_organiz" 
2010-08-18 10:14:11      |     9              |     tb_unid_organiz                                   |     unidade-organizacional                            |     ::1                                                |     df10197-42-125                                     |     alterar: error = SQLSTATE[23505]: Unique violation: 7 ERROR:  duplicate key value violates unique constraint "pk_tb_unid_organiz" 
2010-08-18 10:14:37      |     11             |     tb_unid_organiz                                   |     unidade-organizacional                            |     ::1                                                |     df10197-42-125                                     |     backup: error = SQLSTATE[23505]: Unique violation: 7 ERROR:  duplicate key value violates unique constraint "pk_tb_unid_organiz" 
2010-08-18 10:14:37      |     9              |     tb_unid_organiz                                   |     unidade-organizacional                            |     ::1                                                |     df10197-42-125                                     |     alterar: error = SQLSTATE[23505]: Unique violation: 7 ERROR:  duplicate key value violates unique constraint "pk_tb_unid_organiz" 
2010-08-18 10:17:41      |     11             |     tb_unid_organiz                                   |     unidade-organizacional                            |     ::1                                                |     df10197-42-125                                     |     backup: error = SQLSTATE[42601]: Syntax error: 7 ERROR:  syntax error at or near "{"
LINE 1: ...ds_nom_unid_organiz" = $7, "st_ativo" = $8 WHERE ({$this->_p...
                                                             ^ 
2010-08-18 10:17:41      |     9              |     tb_unid_organiz                                   |     unidade-organizacional                            |     ::1                                                |     df10197-42-125                                     |     alterar: error = SQLSTATE[42601]: Syntax error: 7 ERROR:  syntax error at or near "{"
LINE 1: ...ds_nom_unid_organiz" = $7, "st_ativo" = $8 WHERE ({$this->_p...
                                                             ^ 
2010-08-18 10:18:13      |     11             |     tb_unid_organiz                                   |     unidade-organizacional                            |     ::1                                                |     df10197-42-125                                     |     backup: error = SQLSTATE[42601]: Syntax error: 7 ERROR:  syntax error at or near "="
LINE 1: ...s_nom_unid_organiz" = $7, "st_ativo" = $8 WHERE (Array = '')
                                                                  ^ 
2010-08-18 10:18:13      |     9              |     tb_unid_organiz                                   |     unidade-organizacional                            |     ::1                                                |     df10197-42-125                                     |     alterar: error = SQLSTATE[42601]: Syntax error: 7 ERROR:  syntax error at or near "="
LINE 1: ...s_nom_unid_organiz" = $7, "st_ativo" = $8 WHERE (Array = '')
                                                                  ^ 
2010-08-18 10:18:36      |     11             |     tb_unid_organiz                                   |     unidade-organizacional                            |     ::1                                                |     df10197-42-125                                     |     backup: error = SQLSTATE[42601]: Syntax error: 7 ERROR:  syntax error at or near "="
LINE 1: ...s_nom_unid_organiz" = $7, "st_ativo" = $8 WHERE (Array = '')
                                                                  ^ 
2010-08-18 10:18:36      |     9              |     tb_unid_organiz                                   |     unidade-organizacional                            |     ::1                                                |     df10197-42-125                                     |     alterar: error = SQLSTATE[42601]: Syntax error: 7 ERROR:  syntax error at or near "="
LINE 1: ...s_nom_unid_organiz" = $7, "st_ativo" = $8 WHERE (Array = '')
                                                                  ^ 
2010-08-18 10:19:01      |     11             |     tb_unid_organiz                                   |     unidade-organizacional                            |     ::1                                                |     df10197-42-125                                     |     backup: error = SQLSTATE[22P02]: Invalid text representation: 7 ERROR:  invalid input syntax for integer: "" 
2010-08-18 10:19:01      |     9              |     tb_unid_organiz                                   |     unidade-organizacional                            |     ::1                                                |     df10197-42-125                                     |     alterar: error = SQLSTATE[22P02]: Invalid text representation: 7 ERROR:  invalid input syntax for integer: "" 
2010-08-18 10:20:07      |     11             |     tb_unid_organiz                                   |     unidade-organizacional                            |     ::1                                                |     df10197-42-125                                     |     backup: error = SQLSTATE[42601]: Syntax error: 7 ERROR:  syntax error at or near "="
LINE 1: ...s_nom_unid_organiz" = $7, "st_ativo" = $8 WHERE (Array = '')
                                                                  ^ 
2010-08-18 10:20:07      |     9              |     tb_unid_organiz                                   |     unidade-organizacional                            |     ::1                                                |     df10197-42-125                                     |     alterar: error = SQLSTATE[42601]: Syntax error: 7 ERROR:  syntax error at or near "="
LINE 1: ...s_nom_unid_organiz" = $7, "st_ativo" = $8 WHERE (Array = '')
                                                                  ^ 
2010-08-18 10:20:48      |     11             |     tb_unid_organiz                                   |     unidade-organizacional                            |     ::1                                                |     df10197-42-125                                     |     backup: error = SQLSTATE[22P02]: Invalid text representation: 7 ERROR:  invalid input syntax for integer: "" 
2010-08-18 10:20:48      |     9              |     tb_unid_organiz                                   |     unidade-organizacional                            |     ::1                                                |     df10197-42-125                                     |     alterar: error = SQLSTATE[22P02]: Invalid text representation: 7 ERROR:  invalid input syntax for integer: "" 
2010-08-18 10:21:28      |     11             |     tb_unid_organiz                                   |     unidade-organizacional                            |     ::1                                                |     df10197-42-125                                     |     backup: error = SQLSTATE[23505]: Unique violation: 7 ERROR:  duplicate key value violates unique constraint "pk_tb_unid_organiz" 
2010-08-18 10:21:28      |     9              |     tb_unid_organiz                                   |     unidade-organizacional                            |     ::1                                                |     df10197-42-125                                     |     alterar: error = SQLSTATE[23505]: Unique violation: 7 ERROR:  duplicate key value violates unique constraint "pk_tb_unid_organiz" 
2010-08-18 10:22:54      |     11             |     tb_unid_organiz                                   |     unidade-organizacional                            |     ::1                                                |     df10197-42-125                                     |     backup: sq_unid_organiz = 1
2010-08-18 10:22:54      |     9              |     tb_unid_organiz                                   |     unidade-organizacional                            |     ::1                                                |     df10197-42-125                                     |     alterar: sq_unid_organiz = 1
2010-08-18 10:23:01      |     11             |     tb_unid_organiz                                   |     unidade-organizacional                            |     ::1                                                |     df10197-42-125                                     |     backup: sq_unid_organiz = 1
2010-08-18 10:23:01      |     9              |     tb_unid_organiz                                   |     unidade-organizacional                            |     ::1                                                |     df10197-42-125                                     |     alterar: sq_unid_organiz = 1
2010-08-18 10:24:13      |     11             |     tb_unid_organiz                                   |     unidade-organizacional                            |     ::1                                                |     df10197-42-125                                     |     backup: sq_unid_organiz = 1
2010-08-18 10:24:13      |     9              |     tb_unid_organiz                                   |     unidade-organizacional                            |     ::1                                                |     df10197-42-125                                     |     alterar: sq_unid_organiz = 1
2010-08-18 10:25:38      |     11             |     tb_unid_organiz                                   |     unidade-organizacional                            |     ::1                                                |     df10197-42-125                                     |     backup: error = SQLSTATE[42601]: Syntax error: 7 ERROR:  syntax error at or near "="
LINE 1: ...ds_nom_unid_organiz" = $7, "st_ativo" = $8 WHERE (Array = 1)
                                                                   ^ 
2010-08-18 10:25:38      |     9              |     tb_unid_organiz                                   |     unidade-organizacional                            |     ::1                                                |     df10197-42-125                                     |     alterar: error = SQLSTATE[42601]: Syntax error: 7 ERROR:  syntax error at or near "="
LINE 1: ...ds_nom_unid_organiz" = $7, "st_ativo" = $8 WHERE (Array = 1)
                                                                   ^ 
2010-08-18 10:25:57      |     11             |     tb_unid_organiz                                   |     unidade-organizacional                            |     ::1                                                |     df10197-42-125                                     |     backup: sq_unid_organiz = 1
2010-08-18 10:25:57      |     9              |     tb_unid_organiz                                   |     unidade-organizacional                            |     ::1                                                |     df10197-42-125                                     |     alterar: sq_unid_organiz = 1
2010-08-18 10:26:22      |     11             |     tb_unid_organiz                                   |     unidade-organizacional                            |     ::1                                                |     df10197-42-125                                     |     backup: sq_unid_organiz = 1
2010-08-18 10:26:22      |     9              |     tb_unid_organiz                                   |     unidade-organizacional                            |     ::1                                                |     df10197-42-125                                     |     alterar: sq_unid_organiz = 1
2010-08-18 10:28:41      |     11             |     tb_unid_organiz                                   |     unidade-organizacional                            |     ::1                                                |     df10197-42-125                                     |     backup: sq_unid_organiz = 1
2010-08-18 10:28:41      |     9              |     tb_unid_organiz                                   |     unidade-organizacional                            |     ::1                                                |     df10197-42-125                                     |     alterar: sq_unid_organiz = 1
2010-08-18 10:28:47      |     11             |     tb_unid_organiz                                   |     unidade-organizacional                            |     ::1                                                |     df10197-42-125                                     |     backup: sq_unid_organiz = 1
2010-08-18 10:28:47      |     9              |     tb_unid_organiz                                   |     unidade-organizacional                            |     ::1                                                |     df10197-42-125                                     |     alterar: sq_unid_organiz = 1
2010-08-18 10:28:51      |     11             |     tb_unid_organiz                                   |     unidade-organizacional                            |     ::1                                                |     df10197-42-125                                     |     backup: sq_unid_organiz = 1
2010-08-18 10:28:51      |     9              |     tb_unid_organiz                                   |     unidade-organizacional                            |     ::1                                                |     df10197-42-125                                     |     alterar: sq_unid_organiz = 1
2010-08-18 10:28:59      |     11             |     tb_unid_organiz                                   |     unidade-organizacional                            |     ::1                                                |     df10197-42-125                                     |     backup: sq_unid_organiz = 1
2010-08-18 10:28:59      |     9              |     tb_unid_organiz                                   |     unidade-organizacional                            |     ::1                                                |     df10197-42-125                                     |     alterar: sq_unid_organiz = 1
2010-08-18 10:29:03      |     11             |     tb_unid_organiz                                   |     unidade-organizacional                            |     ::1                                                |     df10197-42-125                                     |     backup: sq_unid_organiz = 1
2010-08-18 10:29:03      |     9              |     tb_unid_organiz                                   |     unidade-organizacional                            |     ::1                                                |     df10197-42-125                                     |     alterar: sq_unid_organiz = 1
2010-08-18 11:43:35      |     11             |     tb_unid_organiz                                   |     unidade-organizacional                            |     ::1                                                |     df10197-42-125                                     |     backup: sq_unid_organiz = 1
2010-08-18 11:43:35      |     9              |     tb_unid_organiz                                   |     unidade-organizacional                            |     ::1                                                |     df10197-42-125                                     |     alterar: sq_unid_organiz = 1
2010-08-18 11:43:40      |     11             |     tb_unid_organiz                                   |     unidade-organizacional                            |     ::1                                                |     df10197-42-125                                     |     backup: sq_unid_organiz = 1
2010-08-18 11:43:40      |     9              |     tb_unid_organiz                                   |     unidade-organizacional                            |     ::1                                                |     df10197-42-125                                     |     alterar: sq_unid_organiz = 1
2010-08-18 12:14:53      |     11             |     tb_unid_organiz                                   |     unidade-organizacional                            |     ::1                                                |     df10197-42-125                                     |     backup: sq_unid_organiz = 1
2010-08-18 12:14:53      |     9              |     tb_unid_organiz                                   |     unidade-organizacional                            |     ::1                                                |     df10197-42-125                                     |     alterar: sq_unid_organiz = 1
2010-08-18 12:15:02      |     11             |     tb_unid_organiz                                   |     unidade-organizacional                            |     ::1                                                |     df10197-42-125                                     |     backup: sq_unid_organiz = 1
2010-08-18 12:15:02      |     9              |     tb_unid_organiz                                   |     unidade-organizacional                            |     ::1                                                |     df10197-42-125                                     |     alterar: sq_unid_organiz = 1
2010-08-18 12:26:30      |     11             |     tb_unid_organiz                                   |     unidade-organizacional                            |     ::1                                                |     df10197-42-125                                     |     backup: sq_unid_organiz = 1
2010-08-18 12:26:30      |     9              |     tb_unid_organiz                                   |     unidade-organizacional                            |     ::1                                                |     df10197-42-125                                     |     alterar: sq_unid_organiz = 1
2010-08-18 15:08:33      |     11             |     tb_unid_organiz                                   |     unidade-organizacional                            |     ::1                                                |     df10197-42-125                                     |     backup: sq_unid_organiz = 1
2010-08-18 15:08:33      |     9              |     tb_unid_organiz                                   |     unidade-organizacional                            |     ::1                                                |     df10197-42-125                                     |     alterar: sq_unid_organiz = 1
2010-08-18 15:09:16      |     11             |     tb_unid_organiz                                   |     unidade-organizacional                            |     ::1                                                |     df10197-42-125                                     |     backup: sq_unid_organiz = 1
2010-08-18 15:09:16      |     9              |     tb_unid_organiz                                   |     unidade-organizacional                            |     ::1                                                |     df10197-42-125                                     |     alterar: sq_unid_organiz = 1
2010-08-18 15:09:27      |     11             |     tb_unid_organiz                                   |     unidade-organizacional                            |     ::1                                                |     df10197-42-125                                     |     backup: sq_unid_organiz = 1
2010-08-18 15:09:27      |     9              |     tb_unid_organiz                                   |     unidade-organizacional                            |     ::1                                                |     df10197-42-125                                     |     alterar: sq_unid_organiz = 1
2010-08-18 15:18:24      |     11             |     tb_unid_organiz                                   |     unidade-organizacional                            |     ::1                                                |     df10197-42-125                                     |     backup: sq_unid_organiz = 1
2010-08-18 15:18:24      |     9              |     tb_unid_organiz                                   |     unidade-organizacional                            |     ::1                                                |     df10197-42-125                                     |     alterar: sq_unid_organiz = 1
2010-08-18 15:31:10      |     11             |     tb_unid_organiz                                   |     unidade-organizacional                            |     ::1                                                |     df10197-42-125                                     |     backup: sq_unid_organiz = 1
2010-08-18 15:31:10      |     9              |     tb_unid_organiz                                   |     unidade-organizacional                            |     ::1                                                |     df10197-42-125                                     |     alterar: sq_unid_organiz = 1
2010-08-18 15:42:16      |     11             |     tb_unid_organiz                                   |     unidade-organizacional                            |     ::1                                                |     df10197-42-125                                     |     backup: sq_unid_organiz = 1
2010-08-18 15:42:16      |     9              |     tb_unid_organiz                                   |     unidade-organizacional                            |     ::1                                                |     df10197-42-125                                     |     alterar: sq_unid_organiz = 1
2010-08-18 15:42:26      |     11             |     tb_unid_organiz                                   |     unidade-organizacional                            |     ::1                                                |     df10197-42-125                                     |     backup: sq_unid_organiz = 1
2010-08-18 15:42:26      |     9              |     tb_unid_organiz                                   |     unidade-organizacional                            |     ::1                                                |     df10197-42-125                                     |     alterar: sq_unid_organiz = 1
2010-08-18 15:59:21      |     11             |     tb_unid_organiz                                   |     unidade-organizacional                            |     ::1                                                |     df10197-42-125                                     |     backup: sq_unid_organiz = 1
2010-08-18 15:59:21      |     9              |     tb_unid_organiz                                   |     unidade-organizacional                            |     ::1                                                |     df10197-42-125                                     |     alterar: sq_unid_organiz = 1
2010-08-18 16:06:55      |     11             |     tb_unid_organiz                                   |     unidade-organizacional                            |     ::1                                                |     df10197-42-125                                     |     backup: sq_unid_organiz = 1
2010-08-18 16:06:55      |     9              |     tb_unid_organiz                                   |     unidade-organizacional                            |     ::1                                                |     df10197-42-125                                     |     alterar: sq_unid_organiz = 1
2010-08-18 16:43:06      |     11             |     tb_unid_organiz                                   |     unidade-organizacional                            |     ::1                                                |     df10197-42-125                                     |     backup: sq_unid_organiz = 1
2010-08-18 16:43:06      |     9              |     tb_unid_organiz                                   |     unidade-organizacional                            |     ::1                                                |     df10197-42-125                                     |     alterar: sq_unid_organiz = 1
2010-08-18 16:56:15      |     11             |     tb_unid_organiz                                   |     unidade-organizacional                            |     ::1                                                |     df10197-42-125                                     |     backup: sq_unid_organiz = 1
2010-08-18 16:56:15      |     9              |     tb_unid_organiz                                   |     unidade-organizacional                            |     ::1                                                |     df10197-42-125                                     |     alterar: sq_unid_organiz = 1
2010-08-18 17:30:21      |     11             |     tb_unid_organiz                                   |     unidade-organizacional                            |     ::1                                                |     df10197-42-125                                     |     backup: sq_unid_organiz = 1
2010-08-18 17:30:21      |     9              |     tb_unid_organiz                                   |     unidade-organizacional                            |     ::1                                                |     df10197-42-125                                     |     alterar: sq_unid_organiz = 1
2010-08-18 17:30:26      |     11             |     tb_unid_organiz                                   |     unidade-organizacional                            |     ::1                                                |     df10197-42-125                                     |     backup: sq_unid_organiz = 1
2010-08-18 17:30:26      |     9              |     tb_unid_organiz                                   |     unidade-organizacional                            |     ::1                                                |     df10197-42-125                                     |     alterar: sq_unid_organiz = 1
2010-08-18 17:30:34      |     11             |     tb_unid_organiz                                   |     unidade-organizacional                            |     ::1                                                |     df10197-42-125                                     |     backup: sq_unid_organiz = 1
2010-08-18 17:30:34      |     9              |     tb_unid_organiz                                   |     unidade-organizacional                            |     ::1                                                |     df10197-42-125                                     |     alterar: sq_unid_organiz = 1
2010-08-18 17:35:01      |     10             |     tb_unid_organiz                                   |     unidade-organizacional                            |     ::1                                                |     df10197-42-125                                     |     excluir: q = 1
2010-08-18 17:35:22      |     11             |     tb_unid_organiz                                   |     unidade-organizacional                            |     ::1                                                |     df10197-42-125                                     |     backup: sq_unid_organiz = 1
2010-08-18 17:35:22      |     9              |     tb_unid_organiz                                   |     unidade-organizacional                            |     ::1                                                |     df10197-42-125                                     |     alterar: sq_unid_organiz = 1
2010-08-19 10:35:10      |     11             |     tb_unid_organiz                                   |     unidade-organizacional                            |     ::1                                                |     df10197-42-125                                     |     backup: sq_unid_organiz = 1
2010-08-19 10:35:10      |     9              |     tb_unid_organiz                                   |     unidade-organizacional                            |     ::1                                                |     df10197-42-125                                     |     alterar: sq_unid_organiz = 1
2010-08-19 10:37:52      |     11             |     tb_unid_organiz                                   |     unidade-organizacional                            |     ::1                                                |     df10197-42-125                                     |     backup: sq_unid_organiz = 1
2010-08-19 10:37:52      |     9              |     tb_unid_organiz                                   |     unidade-organizacional                            |     ::1                                                |     df10197-42-125                                     |     alterar: sq_unid_organiz = 1
2010-08-19 16:25:59      |     11             |     tb_unid_organiz                                   |     unidade-organizacional                            |     ::1                                                |     df10197-42-125                                     |     backup: sq_unid_organiz = 1
2010-08-19 16:25:59      |     9              |     tb_unid_organiz                                   |     unidade-organizacional                            |     ::1                                                |     df10197-42-125                                     |     alterar: sq_unid_organiz = 1
2010-08-19 16:33:25      |     11             |     tb_unid_organiz                                   |     unidade-organizacional                            |     ::1                                                |     df10197-42-125                                     |     backup: sq_unid_organiz = 1
2010-08-19 16:33:25      |     9              |     tb_unid_organiz                                   |     unidade-organizacional                            |     ::1                                                |     df10197-42-125                                     |     alterar: sq_unid_organiz = 1
2010-08-20 10:34:18      |     11             |     tb_unid_organiz                                   |     unidade-organizacional                            |     ::1                                                |     df10197-42-125                                     |     backup: sq_unid_organiz = 1
2010-08-20 10:34:18      |     9              |     tb_unid_organiz                                   |     unidade-organizacional                            |     ::1                                                |     df10197-42-125                                     |     alterar: sq_unid_organiz = 1
2010-08-20 10:34:23      |     11             |     tb_unid_organiz                                   |     unidade-organizacional                            |     ::1                                                |     df10197-42-125                                     |     backup: sq_unid_organiz = 1
2010-08-20 10:34:23      |     9              |     tb_unid_organiz                                   |     unidade-organizacional                            |     ::1                                                |     df10197-42-125                                     |     alterar: sq_unid_organiz = 1
2010-08-20 15:11:03      |     11             |     tb_unid_organiz                                   |     unidade-organizacional                            |     ::1                                                |     df10197-42-125                                     |     backup: sq_unid_organiz = 1
2010-08-20 15:11:03      |     9              |     tb_unid_organiz                                   |     unidade-organizacional                            |     ::1                                                |     df10197-42-125                                     |     alterar: sq_unid_organiz = 1
2010-08-20 17:56:00      |     11             |     tb_unid_organiz                                   |     unidade-organizacional                            |     ::1                                                |     df10197-42-125                                     |     backup: sq_unid_organiz = 1
2010-08-20 17:56:00      |     9              |     tb_unid_organiz                                   |     unidade-organizacional                            |     ::1                                                |     df10197-42-125                                     |     alterar: sq_unid_organiz = 1
2010-08-23 09:33:31      |     11             |     tb_unid_organiz                                   |     unidade-organizacional                            |     ::1                                                |     df10197-42-125                                     |     backup: sq_unid_organiz = 1
2010-08-23 09:33:31      |     9              |     tb_unid_organiz                                   |     unidade-organizacional                            |     ::1                                                |     df10197-42-125                                     |     alterar: sq_unid_organiz = 1
2010-08-23 09:34:30      |     11             |     tb_unid_organiz                                   |     unidade-organizacional                            |     ::1                                                |     df10197-42-125                                     |     backup: sq_unid_organiz = 1
2010-08-23 09:34:30      |     9              |     tb_unid_organiz                                   |     unidade-organizacional                            |     ::1                                                |     df10197-42-125                                     |     alterar: sq_unid_organiz = 1
2010-08-23 09:35:20      |     11             |     tb_unid_organiz                                   |     unidade-organizacional                            |     ::1                                                |     df10197-42-125                                     |     backup: sq_unid_organiz = 1
2010-08-23 09:35:20      |     9              |     tb_unid_organiz                                   |     unidade-organizacional                            |     ::1                                                |     df10197-42-125                                     |     alterar: sq_unid_organiz = 1
2010-08-23 09:40:06      |     11             |     tb_unid_organiz                                   |     unidade-organizacional                            |     ::1                                                |     df10197-42-125                                     |     backup: sq_unid_organiz = 1
2010-08-23 09:40:06      |     9              |     tb_unid_organiz                                   |     unidade-organizacional                            |     ::1                                                |     df10197-42-125                                     |     alterar: sq_unid_organiz = 1
2010-08-23 09:40:33      |     11             |     tb_unid_organiz                                   |     unidade-organizacional                            |     ::1                                                |     df10197-42-125                                     |     backup: sq_unid_organiz = 1
2010-08-23 09:40:33      |     9              |     tb_unid_organiz                                   |     unidade-organizacional                            |     ::1                                                |     df10197-42-125                                     |     alterar: sq_unid_organiz = 1
2010-08-23 09:46:52      |     11             |     tb_unid_organiz                                   |     unidade-organizacional                            |     ::1                                                |     df10197-42-125                                     |     backup: sq_unid_organiz = 1
2010-08-23 09:46:52      |     9              |     tb_unid_organiz                                   |     unidade-organizacional                            |     ::1                                                |     df10197-42-125                                     |     alterar: sq_unid_organiz = 1
2010-08-23 09:47:16      |     11             |     tb_unid_organiz                                   |     unidade-organizacional                            |     ::1                                                |     df10197-42-125                                     |     backup: sq_unid_organiz = 1
2010-08-23 09:47:16      |     9              |     tb_unid_organiz                                   |     unidade-organizacional                            |     ::1                                                |     df10197-42-125                                     |     alterar: sq_unid_organiz = 1
2010-08-23 09:49:20      |     11             |     tb_unid_organiz                                   |     unidade-organizacional                            |     ::1                                                |     df10197-42-125                                     |     backup: sq_unid_organiz = 1
2010-08-23 09:49:20      |     9              |     tb_unid_organiz                                   |     unidade-organizacional                            |     ::1                                                |     df10197-42-125                                     |     alterar: sq_unid_organiz = 1
2010-08-23 09:50:24      |     11             |     tb_unid_organiz                                   |     unidade-organizacional                            |     ::1                                                |     df10197-42-125                                     |     backup: sq_unid_organiz = 1
2010-08-23 09:50:24      |     9              |     tb_unid_organiz                                   |     unidade-organizacional                            |     ::1                                                |     df10197-42-125                                     |     alterar: sq_unid_organiz = 1
2010-08-23 10:20:29      |     11             |     tb_unid_organiz                                   |     unidade-organizacional                            |     ::1                                                |     df10197-42-125                                     |     backup: sq_unid_organiz = 1
2010-08-23 10:20:29      |     9              |     tb_unid_organiz                                   |     unidade-organizacional                            |     ::1                                                |     df10197-42-125                                     |     alterar: sq_unid_organiz = 1
2010-08-23 10:25:28      |     11             |     tb_unid_organiz                                   |     unidade-organizacional                            |     ::1                                                |     df10197-42-125                                     |     backup: sq_unid_organiz = 1
2010-08-23 10:25:28      |     9              |     tb_unid_organiz                                   |     unidade-organizacional                            |     ::1                                                |     df10197-42-125                                     |     alterar: sq_unid_organiz = 1
2010-08-23 10:48:08      |     10             |     0                                                 |     logoff                                            |     ::1                                                |     df10197-42-125                                     |     excluir: Efetuou Logoff
2010-08-23 10:48:18      |     10             |     0                                                 |     logoff                                            |     ::1                                                |     df10197-42-125                                     |     excluir: Efetuou Logoff
2010-08-23 10:48:46      |     10             |     0                                                 |     logoff                                            |     ::1                                                |     df10197-42-125                                     |     excluir: Efetuou Logoff
2010-08-23 10:50:07      |     10             |                                                       |     logoff                                            |     ::1                                                |     df10197-42-125                                     |     excluir: Efetuou Logoff
2010-08-23 10:55:12      |     10             |                                                       |     logoff                                            |     ::1                                                |     df10197-42-125                                     |     excluir: Efetuou Logoff
2010-08-23 10:55:17      |     10             |                                                       |     logoff                                            |     ::1                                                |     df10197-42-125                                     |     excluir: Efetuou Logoff
2010-08-24 10:19:15      |     10             |                                                       |     logoff                                            |     ::1                                                |     df10197-42-125                                     |     excluir: Efetuou Logoff
2010-08-24 10:22:46      |     10             |                                                       |     logoff                                            |     ::1                                                |     df10197-42-125                                     |     excluir: Efetuou Logoff
2010-08-24 10:23:24      |     10             |                                                       |     logoff                                            |     ::1                                                |     df10197-42-125                                     |     excluir: Efetuou Logoff
2010-08-24 10:47:02      |     11             |     tb_unid_organiz                                   |     unidade-organizacional                            |     ::1                                                |     df10197-42-125                                     |     backup: sq_unid_organiz = 1
2010-08-24 10:47:02      |     9              |     tb_unid_organiz                                   |     unidade-organizacional                            |     ::1                                                |     df10197-42-125                                     |     alterar: sq_unid_organiz = 1
2010-08-24 11:25:19      |     11             |     tb_unid_organiz                                   |     unidade-organizacional                            |     ::1                                                |     df10197-42-125                                     |     backup: sq_unid_organiz = 1
2010-08-24 11:25:19      |     9              |     tb_unid_organiz                                   |     unidade-organizacional                            |     ::1                                                |     df10197-42-125                                     |     alterar: sq_unid_organiz = 1
2010-08-24 11:25:37      |     11             |     tb_unid_organiz                                   |     unidade-organizacional                            |     ::1                                                |     df10197-42-125                                     |     backup: sq_unid_organiz = 1
2010-08-24 11:25:37      |     9              |     tb_unid_organiz                                   |     unidade-organizacional                            |     ::1                                                |     df10197-42-125                                     |     alterar: sq_unid_organiz = 1
2010-08-24 11:25:49      |     11             |     tb_unid_organiz                                   |     unidade-organizacional                            |     ::1                                                |     df10197-42-125                                     |     backup: sq_unid_organiz = 1
2010-08-24 11:25:49      |     9              |     tb_unid_organiz                                   |     unidade-organizacional                            |     ::1                                                |     df10197-42-125                                     |     alterar: sq_unid_organiz = 1
2010-08-24 11:25:53      |     10             |     tb_unid_organiz                                   |     unidade-organizacional                            |     ::1                                                |     df10197-42-125                                     |     excluir: q = 1
2010-08-24 11:26:05      |     10             |     tb_unid_organiz                                   |     unidade-organizacional                            |     ::1                                                |     df10197-42-125                                     |     excluir: q = 1
2010-08-24 11:28:11      |     10             |     tb_unid_organiz                                   |     unidade-organizacional                            |     ::1                                                |     df10197-42-125                                     |     excluir: q = 1
2010-08-24 11:28:16      |     10             |     tb_unid_organiz                                   |     unidade-organizacional                            |     ::1                                                |     df10197-42-125                                     |     excluir: q = 1
2010-08-24 11:28:24      |     10             |     tb_unid_organiz                                   |     unidade-organizacional                            |     ::1                                                |     df10197-42-125                                     |     excluir: q = 1
2010-08-24 11:28:29      |     10             |     tb_unid_organiz                                   |     unidade-organizacional                            |     ::1                                                |     df10197-42-125                                     |     excluir: q = 1
2010-08-24 11:28:33      |     11             |     tb_unid_organiz                                   |     unidade-organizacional                            |     ::1                                                |     df10197-42-125                                     |     backup: sq_unid_organiz = 1
2010-08-24 11:28:33      |     9              |     tb_unid_organiz                                   |     unidade-organizacional                            |     ::1                                                |     df10197-42-125                                     |     alterar: sq_unid_organiz = 1
2010-08-24 11:28:45      |     10             |     tb_unid_organiz                                   |     unidade-organizacional                            |     ::1                                                |     df10197-42-125                                     |     excluir: q = 1
2010-08-24 11:28:51      |     10             |     tb_unid_organiz                                   |     unidade-organizacional                            |     ::1                                                |     df10197-42-125                                     |     excluir: q = 1
2010-08-24 12:16:51      |     10             |                                                       |     logoff                                            |     ::1                                                |     df10197-42-125                                     |     excluir: Efetuou Logoff
2010-08-24 12:32:37      |     10             |                                                       |     logoff                                            |     ::1                                                |     df10197-42-125                                     |     excluir: Efetuou Logoff
2010-08-24 12:33:36      |     10             |                                                       |     logoff                                            |     ::1                                                |     df10197-42-125                                     |     excluir: Efetuou Logoff
2010-08-24 14:10:53      |     11             |     tb_unid_organiz                                   |     unidade-organizacional                            |     ::1                                                |     df10197-42-125                                     |     backup: sq_unid_organiz = 1
2010-08-24 14:10:53      |     9              |     tb_unid_organiz                                   |     unidade-organizacional                            |     ::1                                                |     df10197-42-125                                     |     alterar: sq_unid_organiz = 1
2010-08-24 15:24:05      |     10             |                                                       |     logoff                                            |     ::1                                                |     df10197-42-125                                     |     excluir: Efetuou Logoff
2010-08-24 15:29:08      |     10             |                                                       |     logoff                                            |     ::1                                                |     df10197-42-125                                     |     excluir: Efetuou Logoff
2010-08-24 15:29:28      |     11             |                                                       |     logoff                                            |     ::1                                                |     df10197-42-125                                     |     logoff: Efetuou Logoff
2010-08-24 15:33:19      |     11             |                                                       |     logoff                                            |     ::1                                                |     df10197-42-125                                     |     logoff: Efetuou Logoff
2010-08-24 15:33:52      |     11             |                                                       |     logoff                                            |     ::1                                                |     df10197-42-125                                     |     logoff: Efetuou Logoff
2010-08-24 16:06:08      |     11             |     tb_unid_organiz                                   |     unidade-organizacional                            |     ::1                                                |     df10197-42-125                                     |     backup: sq_unid_organiz = 1
2010-08-24 16:06:08      |     9              |     tb_unid_organiz                                   |     unidade-organizacional                            |     ::1                                                |     df10197-42-125                                     |     alterar: sq_unid_organiz = 1
2010-08-24 16:06:14      |     11             |     tb_unid_organiz                                   |     unidade-organizacional                            |     ::1                                                |     df10197-42-125                                     |     backup: sq_unid_organiz = 1
2010-08-24 16:06:14      |     9              |     tb_unid_organiz                                   |     unidade-organizacional                            |     ::1                                                |     df10197-42-125                                     |     alterar: sq_unid_organiz = 1
2010-08-24 16:06:21      |     11             |     tb_unid_organiz                                   |     unidade-organizacional                            |     ::1                                                |     df10197-42-125                                     |     backup: sq_unid_organiz = 1
2010-08-24 16:06:21      |     9              |     tb_unid_organiz                                   |     unidade-organizacional                            |     ::1                                                |     df10197-42-125                                     |     alterar: sq_unid_organiz = 1
2010-08-24 16:06:27      |     11             |     tb_unid_organiz                                   |     unidade-organizacional                            |     ::1                                                |     df10197-42-125                                     |     backup: sq_unid_organiz = 1
2010-08-24 16:06:27      |     9              |     tb_unid_organiz                                   |     unidade-organizacional                            |     ::1                                                |     df10197-42-125                                     |     alterar: sq_unid_organiz = 1
2010-08-24 16:06:32      |     11             |     tb_unid_organiz                                   |     unidade-organizacional                            |     ::1                                                |     df10197-42-125                                     |     backup: sq_unid_organiz = 1
2010-08-24 16:06:33      |     9              |     tb_unid_organiz                                   |     unidade-organizacional                            |     ::1                                                |     df10197-42-125                                     |     alterar: sq_unid_organiz = 1
2010-08-24 16:06:40      |     11             |     tb_unid_organiz                                   |     unidade-organizacional                            |     ::1                                                |     df10197-42-125                                     |     backup: sq_unid_organiz = 1
2010-08-24 16:06:40      |     9              |     tb_unid_organiz                                   |     unidade-organizacional                            |     ::1                                                |     df10197-42-125                                     |     alterar: sq_unid_organiz = 1
2010-08-24 16:06:47      |     11             |     tb_unid_organiz                                   |     unidade-organizacional                            |     ::1                                                |     df10197-42-125                                     |     backup: sq_unid_organiz = 1
2010-08-24 16:06:47      |     9              |     tb_unid_organiz                                   |     unidade-organizacional                            |     ::1                                                |     df10197-42-125                                     |     alterar: sq_unid_organiz = 1
2010-08-24 16:06:54      |     11             |     tb_unid_organiz                                   |     unidade-organizacional                            |     ::1                                                |     df10197-42-125                                     |     backup: sq_unid_organiz = 1
2010-08-24 16:06:54      |     9              |     tb_unid_organiz                                   |     unidade-organizacional                            |     ::1                                                |     df10197-42-125                                     |     alterar: sq_unid_organiz = 1
2010-08-24 16:06:59      |     13             |                                                       |     logoff                                            |     ::1                                                |     df10197-42-125                                     |     logoff: Efetuou Logoff
2010-08-24 16:41:11      |     11             |     tb_unid_organiz                                   |     unidade-organizacional                            |     ::1                                                |     df10197-42-125                                     |     backup: sq_unid_organiz = 1
2010-08-24 16:41:11      |     9              |     tb_unid_organiz                                   |     unidade-organizacional                            |     ::1                                                |     df10197-42-125                                     |     alterar: sq_unid_organiz = 1
2010-08-25 09:38:41      |     12             |                                                       |     login                                             |     ::1                                                |     df10197-42-125                                     |     login: Efetuou Login
2010-08-25 09:45:00      |     12             |                                                       |     login                                             |     ::1                                                |     df10197-42-125                                     |     login: Efetuou Login
2010-08-26 15:38:22      |     12             |                                                       |     login                                             |     ::1                                                |     df10197-42-125                                     |     login: Efetuou Login
2010-08-26 15:50:04      |     11             |     tb_unid_organiz                                   |     unidade-organizacional                            |     ::1                                                |     df10197-42-125                                     |     backup: sq_unid_organiz = 1
2010-08-26 15:50:04      |     9              |     tb_unid_organiz                                   |     unidade-organizacional                            |     ::1                                                |     df10197-42-125                                     |     alterar: sq_unid_organiz = 1
2010-08-26 15:50:12      |     13             |                                                       |     login                                             |     ::1                                                |     df10197-42-125                                     |     estrutura: trocou de estrutura
2010-08-26 15:50:12      |     12             |                                                       |     login                                             |     ::1                                                |     df10197-42-125                                     |     login: Efetuou Login
2010-08-26 15:50:24      |     13             |                                                       |     login                                             |     ::1                                                |     df10197-42-125                                     |     estrutura: trocou de estrutura
2010-08-26 15:50:24      |     12             |                                                       |     login                                             |     ::1                                                |     df10197-42-125                                     |     login: Efetuou Login
2010-08-26 16:01:43      |     13             |                                                       |     logoff                                            |     ::1                                                |     df10197-42-125                                     |     logoff: Efetuou Logoff
2010-08-26 16:37:16      |     12             |                                                       |     login                                             |     ::1                                                |     df10197-42-125                                     |     login: Efetuou Login
2010-08-30 09:32:27      |     12             |                                                       |     login                                             |     ::1                                                |     df10197-42-125                                     |     login: Efetuou Login
2010-08-30 14:17:08      |     13             |                                                       |     logoff                                            |     ::1                                                |     df10197-42-125                                     |     logoff: Efetuou Logoff
2010-08-30 14:39:10      |     12             |                                                       |     login                                             |     ::1                                                |     df10197-42-125                                     |     login: Efetuou Login
2010-08-30 14:39:29      |     13             |                                                       |     logoff                                            |     ::1                                                |     df10197-42-125                                     |     logoff: Efetuou Logoff
2010-08-30 14:41:37      |     12             |                                                       |     login                                             |     ::1                                                |     df10197-42-125                                     |     login: Efetuou Login
